parse pcap file: reference\pcap\91_Assistant_Download_HTTP.0.pcap
192.168.23.2:53778->121.207.242.70:80(6)
request data:
47 45 54 20 2f 73 6f 66 74 73 2e 61 73 68 78 3f 
61 63 74 3d 32 30 37 26 72 65 73 69 64 3d 34 30 
35 30 31 34 31 33 26 72 65 73 6e 61 6d 65 3d 25 
65 37 25 61 37 25 61 36 25 65 36 25 39 37 25 62 
36 25 65 36 25 39 38 25 38 65 25 65 36 25 39 63 
25 38 38 28 25 65 39 25 38 30 25 38 31 25 65 39 
25 39 62 25 61 61 25 65 35 25 61 35 25 62 33 29 
26 76 65 72 73 69 6f 6e 6e 61 6d 65 3d 31 2e 30 
2e 39 26 69 63 6f 6e 3d 68 74 74 70 25 33 61 25 
32 66 25 32 66 62 63 73 2e 39 31 72 62 2e 63 6f 
6d 25 32 66 72 62 70 69 63 7a 79 25 32 66 73 6f 
66 74 25 32 66 32 30 31 34 25 32 66 35 25 32 66 
33 30 25 32 66 38 34 36 31 63 33 63 35 30 37 33 
37 34 32 34 39 62 32 30 39 63 33 66 35 38 34 38 
31 66 34 65 62 25 32 66 69 63 6f 6e 5f 64 30 36 
36 39 66 36 37 63 33 62 61 34 32 36 64 62 65 61 
31 32 33 35 31 63 37 38 31 38 35 32 33 5f 31 31 
34 2e 70 6e 67 26 63 61 74 65 6e 61 6d 65 3d 25 
65 37 25 62 64 25 39 31 25 65 37 25 62 62 25 39 
63 25 65 36 25 62 38 25 62 38 25 65 36 25 38 38 
25 38 66 26 73 69 7a 65 3d 37 30 2e 35 39 4d 42 
26 66 73 69 7a 65 3d 37 34 30 32 33 33 31 30 26 
69 64 65 6e 74 69 66 65 72 3d 63 63 2e 74 68 65 
64 72 65 61 6d 2e 71 69 6e 73 6d 6f 6f 6e 2e 6a 
79 39 31 26 72 65 73 74 79 70 65 3d 39 26 76 65 
72 73 69 6f 6e 63 6f 64 65 3d 38 26 73 63 6f 72 
65 3d 30 26 74 68 75 6e 64 65 72 3d 30 26 70 6c 
61 63 65 69 64 3d 31 31 30 31 37 39 34 32 35 26 
61 64 69 64 3d 32 33 36 38 31 32 35 26 6d 74 3d 
34 26 73 76 3d 33 2e 39 2e 36 2e 32 26 70 69 64 
3d 32 26 6f 73 76 3d 34 2e 32 2e 31 26 63 70 75 
3d 61 72 6d 65 61 62 69 2d 76 37 61 2c 61 72 6d 
65 61 62 69 26 70 6f 73 3d 31 36 26 73 65 73 73 
69 6f 6e 69 64 3d 47 78 54 56 36 67 53 30 62 71 
7a 70 4e 39 43 76 56 52 62 43 50 7a 48 69 66 6c 
32 74 67 4b 69 30 7a 57 50 72 4d 67 63 49 42 7a 
32 47 62 77 38 4a 74 43 59 78 35 5a 4d 58 74 34 
39 70 71 65 51 65 7a 31 35 35 39 41 44 49 37 31 
77 25 33 64 26 72 73 6c 74 3d 35 34 30 2a 39 36 
30 26 69 6d 65 69 3d 38 36 35 37 32 31 30 31 31 
31 31 35 35 30 33 26 69 6d 73 69 3d 34 36 30 30 
31 37 31 33 30 30 31 34 31 32 38 26 6e 74 3d 31 
30 26 64 6d 3d 5a 54 45 2b 56 39 36 37 53 26 63 
68 6c 3d 6a 5a 67 33 47 6c 65 42 71 75 39 58 64 
45 4c 49 47 4b 7a 56 63 70 53 72 51 48 67 57 6f 
6c 58 33 26 63 75 69 64 3d 38 34 44 44 42 46 35 
45 45 34 43 33 35 33 35 46 34 31 34 31 44 34 38 
44 38 30 46 30 44 31 37 31 25 37 43 33 30 35 35 
31 31 31 31 30 31 32 37 35 36 38 26 61 75 74 6f 
3d 30 26 69 76 3d 34 26 67 70 75 3d 20 48 54 54 
50 2f 31 2e 31 0d 0a 48 6f 73 74 3a 20 62 62 78 
32 2e 73 6a 2e 39 31 2e 63 6f 6d 0d 0a 43 6f 6e 
6e 65 63 74 69 6f 6e 3a 20 4b 65 65 70 2d 41 6c 
69 76 65 0d 0a 55 73 65 72 2d 41 67 65 6e 74 3a 
20 41 70 61 63 68 65 2d 48 74 74 70 43 6c 69 65 
6e 74 2f 55 4e 41 56 41 49 4c 41 42 4c 45 20 28 
6a 61 76 61 20 31 2e 34 29 0d 0a 0d 0a 
response data:
48 54 54 50 2f 31 2e 31 20 32 30 30 20 4f 4b 0d 
0a 44 61 74 65 3a 20 4d 6f 6e 2c 20 31 34 20 4a 
75 6c 20 32 30 31 34 20 30 39 3a 33 37 3a 33 34 
20 47 4d 54 0d 0a 53 65 72 76 65 72 3a 20 4d 69 
63 72 6f 73 6f 66 74 2d 49 49 53 2f 36 2e 30 0d 
0a 58 2d 50 6f 77 65 72 65 64 2d 42 79 3a 20 41 
53 50 2e 4e 45 54 0d 0a 58 2d 41 73 70 4e 65 74 
2d 56 65 72 73 69 6f 6e 3a 20 34 2e 30 2e 33 30 
33 31 39 0d 0a 43 61 63 68 65 2d 43 6f 6e 74 72 
6f 6c 3a 20 70 72 69 76 61 74 65 0d 0a 43 6f 6e 
74 65 6e 74 2d 54 79 70 65 3a 20 61 70 70 6c 69 
63 61 74 69 6f 6e 2f 6a 73 6f 6e 3b 20 63 68 61 
72 73 65 74 3d 75 74 66 2d 38 0d 0a 43 6f 6e 74 
65 6e 74 2d 4c 65 6e 67 74 68 3a 20 34 35 37 0d 
0a 0d 0a 7b 22 43 6f 64 65 22 3a 30 2c 22 45 72 
72 6f 72 44 65 73 63 22 3a 22 73 79 73 5f 73 75 
63 63 65 73 73 22 2c 22 52 65 73 75 6c 74 22 3a 
7b 22 76 65 72 73 69 6f 6e 43 6f 64 65 22 3a 22 
38 22 2c 22 76 65 72 73 69 6f 6e 4e 61 6d 65 22 
3a 22 31 2e 30 2e 39 22 2c 22 69 64 65 6e 74 69 
66 69 65 72 22 3a 22 63 63 2e 74 68 65 64 72 65 
61 6d 2e 71 69 6e 73 6d 6f 6f 6e 2e 6a 79 39 31 
22 2c 22 66 69 6c 65 55 72 6c 22 3a 22 2f 66 4f 
77 53 43 53 70 75 69 32 6a 4f 72 6c 57 79 50 49 
75 41 34 78 36 44 76 63 59 7a 30 48 72 33 63 50 
4c 74 4a 4c 37 58 4b 74 75 34 48 32 74 45 30 59 
71 50 78 4e 36 6a 6e 41 43 47 68 74 74 63 4e 36 
56 6e 73 5a 34 6f 71 6d 68 77 30 41 45 4a 34 50 
6c 57 6c 42 62 38 2b 42 69 62 6e 71 70 65 4c 55 
74 38 36 63 61 5a 4a 6e 78 43 33 45 51 6e 38 44 
63 43 52 36 37 30 74 72 6a 53 34 67 7a 36 37 49 
68 61 34 70 69 71 2b 33 6d 53 76 70 69 2f 30 4b 
42 65 54 78 33 2f 66 37 64 6c 43 53 35 4d 58 6f 
62 63 67 48 56 64 6e 62 56 61 71 30 55 76 69 47 
4d 6d 77 42 47 61 5a 42 47 46 52 79 38 22 2c 22 
73 69 7a 65 22 3a 37 34 30 32 33 33 31 30 2c 22 
70 72 69 63 65 22 3a 22 30 2e 30 30 22 2c 22 74 
72 75 73 74 43 64 6e 22 3a 66 61 6c 73 65 2c 22 
70 78 6c 77 61 72 6e 22 3a 66 61 6c 73 65 2c 22 
70 6c 61 63 65 49 64 22 3a 31 31 30 31 37 39 34 
32 35 2c 22 70 61 63 6b 54 79 70 65 22 3a 30 2c 
22 74 68 75 6e 64 65 72 22 3a 30 2c 22 62 61 63 
6b 55 70 55 72 6c 22 3a 7b 7d 7d 7d 
Hello Perl
